#
# A fatal error has been detected by the Java Runtime Environment:
#
#  SIGSEGV (0xb) at pc=0x000000010aab2e82, pid=4183, tid=24323
#
# JRE version: Java(TM) SE Runtime Environment (7.0_79-b15) (build 1.7.0_79-b15)
# Java VM: Java HotSpot(TM) 64-Bit Server VM (24.79-b02 mixed mode bsd-amd64 compressed oops)
# Problematic frame:
# V  [libjvm.dylib+0x2b2e82]  java_lang_String::length(oopDesc*)+0x54
#
# Failed to write core dump. Core dumps have been disabled. To enable core dumping, try "ulimit -c unlimited" before starting Java again
#
# If you would like to submit a bug report, please visit:
#   http://bugreport.java.com/bugreport/crash.jsp
#

---------------  T H R E A D  ---------------

Current thread (0x00007fbaea006000):  JavaThread "JDWP Transport Listener: dt_socket" daemon [_thread_in_vm, id=24323, stack(0x0000700002565000,0x0000700002665000)]

siginfo:si_signo=SIGSEGV: si_errno=0, si_code=1 (SEGV_MAPERR), si_addr=0x000000000000000c

Registers:
RAX=0x0000000000000000, RBX=0x00000006ac20e818, RCX=0x000000000000000c, RDX=0x0000000000000000
RSP=0x0000700002664a10, RBP=0x0000700002664a10, RSI=0x00007fbae6507240, RDI=0x00000006ac20e818
R8 =0x0000000000000000, R9 =0x00007fbae7d00f30, R10=0x00000000fffff000, R11=0xfffff0451c05b660
R12=0x00007fbaea006000, R13=0x00007fbae660a880, R14=0x0000000000000000, R15=0x0000000000000000
RIP=0x000000010aab2e82, EFLAGS=0x0000000000010202, ERR=0x0000000000000004
  TRAPNO=0x000000000000000e

Top of Stack: (sp=0x0000700002664a10)
0x0000700002664a10:   0000700002664a40 000000010aae27be
0x0000700002664a20:   0000000000000000 0000000000000000
0x0000700002664a30:   00000006ac20e818 00007fbaea0061e8
0x0000700002664a40:   0000700002664ab0 000000010ab0a0a2
0x0000700002664a50:   00007fbaea006000 00007fbaea006000
0x0000700002664a60:   0000000000000000 0000000000000000
0x0000700002664a70:   00007fbaea0061e8 00007fbaea006000
0x0000700002664a80:   00007fbaea006000 0000700002664b08
0x0000700002664a90:   00007fbae6507240 00007fbae660a880
0x0000700002664aa0:   0000700002664c90 00007fbaea0061e8
0x0000700002664ab0:   0000700002664ae0 00000001077a84be
0x0000700002664ac0:   0000700002664c90 00000001077c8dc2
0x0000700002664ad0:   0000700002664b08 00000001077d4588
0x0000700002664ae0:   0000700002664d00 00000001077af642
0x0000700002664af0:   0000176300000013 0000000000010a00
0x0000700002664b00:   00007fbae6609410 0000700002664b58
0x0000700002664b10:   00007fba0000012c 0000700002664b20
0x0000700002664b20:   00007fba00000000 0000700002664b58
0x0000700002664b30:   0000000000000000 0000000000000000
0x0000700002664b40:   0000176300000018 00007fba00004a80
0x0000700002664b50:   0000700002664b58 0000005b01000000
0x0000700002664b60:   0900005d00000000 0000000002000000
0x0000700002664b70:   e101000000000000 0900000000000000
0x0000700002664b80:   00000101e2010000 0000440000000000
0x0000700002664b90:   0000282151e6ba7f 0000660000000000
0x0000700002664ba0:   0001020030000000 0010000000000000
0x0000700002664bb0:   00e89e50e6ba7f00 00eb000000000000
0x0000700002664bc0:   0103003000000000 1200000000000000
0x0000700002664bd0:   98b881e7ba7f0000 ffffffffffffffff
0x0000700002664be0:   0400300000000000 0000000000000001
0x0000700002664bf0:   b881e7ba7f000012 00000000000000a8
0x0000700002664c00:   0030000000000057 0000000000000105 

Instructions: (pc=0x000000010aab2e82)
0x000000010aab2e62:   eb 16 48 8d 35 85 9a 4c 00 8a 4e 08 48 d3 e2 48
0x000000010aab2e72:   03 16 eb 04 48 8b 14 0f 84 c0 0f 94 c0 0f b6 c0
0x000000010aab2e82:   8b 44 82 0c 5d c3 8b 04 07 5d c3 90 55 48 89 e5
0x000000010aab2e92:   f6 87 8d 00 00 00 02 75 04 31 ff eb 23 48 63 87 

Register to memory mapping:

RAX=0x0000000000000000 is an unknown value
RBX=0x00000006ac20e818 is an oop
java.lang.String 
 - klass: 'java/lang/String'
RCX=0x000000000000000c is an unknown value
RDX=0x0000000000000000 is an unknown value
RSP=0x0000700002664a10 is pointing into the stack for thread: 0x00007fbaea006000
RBP=0x0000700002664a10 is pointing into the stack for thread: 0x00007fbaea006000
RSI=0x00007fbae6507240 is a global jni handle
RDI=0x00000006ac20e818 is an oop
java.lang.String 
 - klass: 'java/lang/String'
R8 =0x0000000000000000 is an unknown value
R9 =0x00007fbae7d00f30 is an unknown value
R10=0x00000000fffff000 is an unknown value
R11=0xfffff0451c05b660 is an unknown value
R12=0x00007fbaea006000 is a thread
R13=0x00007fbae660a880 is an unknown value
R14=0x0000000000000000 is an unknown value
R15=0x0000000000000000 is an unknown value


Stack: [0x0000700002565000,0x0000700002665000],  sp=0x0000700002664a10,  free space=1022k
Native frames: (J=compiled Java code, j=interpreted, Vv=VM code, C=native code)
V  [libjvm.dylib+0x2b2e82]  java_lang_String::length(oopDesc*)+0x54
V  [libjvm.dylib+0x2e27be]  java_lang_String::utf8_length(oopDesc*)+0x38
V  [libjvm.dylib+0x30a0a2]  jni_GetStringUTFChars+0x71
C  [libjdwp.dylib+0x74be]  value+0x96
C  [libjdwp.dylib+0xe642]  debugLoop_run+0x1ce
C  [libjdwp.dylib+0x1f0e2]  attachThread+0x4d
V  [libjvm.dylib+0x37945a]  JvmtiAgentThread::call_start_function()+0x38
V  [libjvm.dylib+0x4f759d]  JavaThread::thread_main_inner()+0x9b
V  [libjvm.dylib+0x4f8ca5]  JavaThread::run()+0x1a3
V  [libjvm.dylib+0x421c4e]  java_start(Thread*)+0x126
C  [libsystem_pthread.dylib+0x393b]  _pthread_body+0xb4
C  [libsystem_pthread.dylib+0x3887]  _pthread_body+0x0
C  [libsystem_pthread.dylib+0x308d]  thread_start+0xd


---------------  P R O C E S S  ---------------

Java Threads: ( => current thread )
  0x00007fbae701f800 JavaThread "ReaderThread" [_thread_in_native, id=27907, stack(0x0000700002c7a000,0x0000700002d7a000)]
  0x00007fbae900a000 JavaThread "Service Thread" daemon [_thread_blocked, id=26883, stack(0x0000700002a74000,0x0000700002b74000)]
  0x00007fbae9008800 JavaThread "C2 CompilerThread1" daemon [_thread_blocked, id=26371, stack(0x0000700002971000,0x0000700002a71000)]
  0x00007fbaea801000 JavaThread "C2 CompilerThread0" daemon [_thread_blocked, id=25859, stack(0x000070000286e000,0x000070000296e000)]
  0x00007fbaeb000000 JavaThread "JDWP Command Reader" daemon [_thread_in_native, id=25347, stack(0x000070000276b000,0x000070000286b000)]
  0x00007fbaea006800 JavaThread "JDWP Event Helper Thread" daemon [_thread_blocked, id=24835, stack(0x0000700002668000,0x0000700002768000)]
=>0x00007fbaea006000 JavaThread "JDWP Transport Listener: dt_socket" daemon [_thread_in_vm, id=24323, stack(0x0000700002565000,0x0000700002665000)]
  0x00007fbae701a000 JavaThread "Signal Dispatcher" daemon [_thread_blocked, id=23811, stack(0x0000700002462000,0x0000700002562000)]
  0x00007fbae9003000 JavaThread "Finalizer" daemon [_thread_blocked, id=19715, stack(0x000070000235f000,0x000070000245f000)]
  0x00007fbae9002000 JavaThread "Reference Handler" daemon [_thread_blocked, id=19203, stack(0x000070000225c000,0x000070000235c000)]
  0x00007fbae8802000 JavaThread "main" [_thread_blocked, id=7171, stack(0x0000700000e20000,0x0000700000f20000)]

Other Threads:
  0x00007fbae8855800 VMThread [stack: 0x0000700002159000,0x0000700002259000] [id=18691]
  0x00007fbae900a800 WatcherThread [stack: 0x0000700002b77000,0x0000700002c77000] [id=27395]

VM state:not at safepoint (normal execution)

VM Mutex/Monitor currently owned by a thread: None

Heap
 PSYoungGen      total 306176K, used 26273K [0x00000006aaa80000, 0x00000006c0000000, 0x0000000800000000)
  eden space 262656K, 10% used [0x00000006aaa80000,0x00000006ac428628,0x00000006bab00000)
  from space 43520K, 0% used [0x00000006bd580000,0x00000006bd580000,0x00000006c0000000)
  to   space 43520K, 0% used [0x00000006bab00000,0x00000006bab00000,0x00000006bd580000)
 ParOldGen       total 698880K, used 0K [0x0000000400000000, 0x000000042aa80000, 0x00000006aaa80000)
  object space 698880K, 0% used [0x0000000400000000,0x0000000400000000,0x000000042aa80000)
 PSPermGen       total 21504K, used 5765K [0x00000003fae00000, 0x00000003fc300000, 0x0000000400000000)
  object space 21504K, 26% used [0x00000003fae00000,0x00000003fb3a1618,0x00000003fc300000)

Card table byte_map: [0x000000010e323000,0x000000011034d000] byte_map_base: 0x000000010c34c000

Polling page: 0x00000001077a0000

Code Cache  [0x000000010b263000, 0x000000010b4d3000, 0x000000010e263000)
 total_blobs=251 nmethods=16 adapters=198 free_code_cache=48713Kb largest_free_block=49880768

Compilation events (10 events):
Event: 0.216 Thread 0x00007fbae9008800   12             java.lang.String::replace (127 bytes)
Event: 0.223 Thread 0x00007fbae9008800 nmethod 12 0x000000010b2c7bd0 code [0x000000010b2c7d40, 0x000000010b2c8238]
Event: 0.228 Thread 0x00007fbaea801000   13             java.lang.Object::<init> (1 bytes)
Event: 0.229 Thread 0x00007fbaea801000 nmethod 13 0x000000010b2c7790 code [0x000000010b2c78c0, 0x000000010b2c7958]
Event: 0.236 Thread 0x00007fbae9008800   14             java.lang.String::equals (81 bytes)
Event: 0.240 Thread 0x00007fbae9008800 nmethod 14 0x000000010b2c8510 code [0x000000010b2c8660, 0x000000010b2c8978]
Event: 0.250 Thread 0x00007fbaea801000   15             java.lang.String::length (6 bytes)
Event: 0.251 Thread 0x00007fbaea801000 nmethod 15 0x000000010b2caf50 code [0x000000010b2cb0a0, 0x000000010b2cb138]
Event: 0.253 Thread 0x00007fbae9008800   16             java.lang.Math::min (11 bytes)
Event: 0.253 Thread 0x00007fbae9008800 nmethod 16 0x000000010b2cad90 code [0x000000010b2caec0, 0x000000010b2caef8]

GC Heap History (0 events):
No events

Deoptimization events (0 events):
No events

Internal exceptions (10 events):
Event: 44.065 Thread 0x00007fbae8802000 Threw 0x00000006ac1d14d0 at /HUDSON/workspace/7u-2-build-macosx-x86_64/jdk7u79/2331/hotspot/src/share/vm/prims/jvm.cpp:1304
Event: 44.066 Thread 0x00007fbae8802000 Threw 0x00000006ac1d53d0 at /HUDSON/workspace/7u-2-build-macosx-x86_64/jdk7u79/2331/hotspot/src/share/vm/prims/jvm.cpp:1304
Event: 95.495 Thread 0x00007fbae8802000 Threw 0x00000006ac1ddb88 at /HUDSON/workspace/7u-2-build-macosx-x86_64/jdk7u79/2331/hotspot/src/share/vm/prims/jvm.cpp:1304
Event: 95.497 Thread 0x00007fbae8802000 Threw 0x00000006ac1e4358 at /HUDSON/workspace/7u-2-build-macosx-x86_64/jdk7u79/2331/hotspot/src/share/vm/interpreter/interpreterRuntime.cpp:347
Event: 95.498 Thread 0x00007fbae8802000 Threw 0x00000006ac1e5840 at /HUDSON/workspace/7u-2-build-macosx-x86_64/jdk7u79/2331/hotspot/src/share/vm/interpreter/interpreterRuntime.cpp:347
Event: 95.499 Thread 0x00007fbae8802000 Threw 0x00000006ac1e6d70 at /HUDSON/workspace/7u-2-build-macosx-x86_64/jdk7u79/2331/hotspot/src/share/vm/interpreter/interpreterRuntime.cpp:347
Event: 95.499 Thread 0x00007fbae8802000 Threw 0x00000006ac1e8da8 at /HUDSON/workspace/7u-2-build-macosx-x86_64/jdk7u79/2331/hotspot/src/share/vm/prims/jvm.cpp:1304
Event: 95.500 Thread 0x00007fbae8802000 Threw 0x00000006ac1ee598 at /HUDSON/workspace/7u-2-build-macosx-x86_64/jdk7u79/2331/hotspot/src/share/vm/prims/jvm.cpp:1304
Event: 95.505 Thread 0x00007fbae8802000 Threw 0x00000006ac1f81d0 at /HUDSON/workspace/7u-2-build-macosx-x86_64/jdk7u79/2331/hotspot/src/share/vm/prims/jvm.cpp:1304
Event: 95.506 Thread 0x00007fbae8802000 Threw 0x00000006ac1fd710 at /HUDSON/workspace/7u-2-build-macosx-x86_64/jdk7u79/2331/hotspot/src/share/vm/interpreter/interpreterRuntime.cpp:347

Events (10 events):
Event: 135.858 Executing VM operation: ChangeSingleStep
Event: 135.858 Executing VM operation: ChangeSingleStep done
Event: 135.859 Executing VM operation: ChangeSingleStep
Event: 135.859 Executing VM operation: ChangeSingleStep done
Event: 135.867 Executing VM operation: GetOrSetLocal
Event: 135.867 Executing VM operation: GetOrSetLocal done
Event: 136.057 Executing VM operation: GetOrSetLocal
Event: 136.057 Executing VM operation: GetOrSetLocal done
Event: 136.974 Executing VM operation: GetOrSetLocal
Event: 136.974 Executing VM operation: GetOrSetLocal done


Dynamic libraries:
0x0000000024e42000 	/System/Library/Frameworks/Cocoa.framework/Versions/A/Cocoa
0x0000000024e42000 	/System/Library/Frameworks/Security.framework/Versions/A/Security
0x0000000024e42000 	/System/Library/Frameworks/ApplicationServices.framework/Versions/A/ApplicationServices
0x0000000024e42000 	/usr/lib/libz.1.dylib
0x0000000024e42000 	/usr/lib/libSystem.B.dylib
0x0000000024e42000 	/usr/lib/libobjc.A.dylib
0x0000000024e42000 	/System/Library/Frameworks/CoreFoundation.framework/Versions/A/CoreFoundation
0x0000000024e42000 	/System/Library/Frameworks/Foundation.framework/Versions/C/Foundation
0x0000000024e42000 	/System/Library/Frameworks/AppKit.framework/Versions/C/AppKit
0x0000000024e42000 	/System/Library/Frameworks/CoreData.framework/Versions/A/CoreData
0x0000000024e42000 	/System/Library/PrivateFrameworks/RemoteViewServices.framework/Versions/A/RemoteViewServices
0x0000000024e42000 	/System/Library/PrivateFrameworks/UIFoundation.framework/Versions/A/UIFoundation
0x0000000024e42000 	/System/Library/PrivateFrameworks/DFRFoundation.framework/Versions/A/DFRFoundation
0x0000000024e42000 	/usr/lib/libenergytrace.dylib
0x0000000024e42000 	/System/Library/PrivateFrameworks/SkyLight.framework/Versions/A/SkyLight
0x0000000024e42000 	/System/Library/Frameworks/CoreGraphics.framework/Versions/A/CoreGraphics
0x0000000024e42000 	/usr/lib/libScreenReader.dylib
0x0000000024e42000 	/System/Library/Frameworks/Accelerate.framework/Versions/A/Accelerate
0x0000000024e42000 	/System/Library/Frameworks/IOSurface.framework/Versions/A/IOSurface
0x0000000024e42000 	/System/Library/Frameworks/AudioToolbox.framework/Versions/A/AudioToolbox
0x0000000024e42000 	/System/Library/Frameworks/AudioUnit.framework/Versions/A/AudioUnit
0x0000000024e42000 	/System/Library/PrivateFrameworks/DataDetectorsCore.framework/Versions/A/DataDetectorsCore
0x0000000024e42000 	/System/Library/PrivateFrameworks/DesktopServicesPriv.framework/Versions/A/DesktopServicesPriv
0x0000000024e42000 	/System/Library/Frameworks/Carbon.framework/Versions/A/Frameworks/HIToolbox.framework/Versions/A/HIToolbox
0x0000000024e42000 	/usr/lib/libicucore.A.dylib
0x0000000024e42000 	/System/Library/Frameworks/QuartzCore.framework/Versions/A/QuartzCore
0x0000000024e42000 	/System/Library/Frameworks/Carbon.framework/Versions/A/Frameworks/SpeechRecognition.framework/Versions/A/SpeechRecognition
0x0000000024e42000 	/usr/lib/libauto.dylib
0x0000000024e42000 	/usr/lib/libxml2.2.dylib
0x0000000024e42000 	/System/Library/PrivateFrameworks/CoreUI.framework/Versions/A/CoreUI
0x0000000024e42000 	/System/Library/Frameworks/CoreAudio.framework/Versions/A/CoreAudio
0x0000000024e42000 	/System/Library/Frameworks/DiskArbitration.framework/Versions/A/DiskArbitration
0x0000000024e42000 	/usr/lib/liblangid.dylib
0x0000000024e42000 	/System/Library/PrivateFrameworks/MultitouchSupport.framework/Versions/A/MultitouchSupport
0x0000000024e42000 	/System/Library/Frameworks/IOKit.framework/Versions/A/IOKit
0x0000000024e42000 	/usr/lib/libDiagnosticMessagesClient.dylib
0x0000000024e42000 	/System/Library/Frameworks/CoreServices.framework/Versions/A/CoreServices
0x0000000024e42000 	/System/Library/PrivateFrameworks/PerformanceAnalysis.framework/Versions/A/PerformanceAnalysis
0x0000000024e42000 	/System/Library/PrivateFrameworks/GenerationalStorage.framework/Versions/A/GenerationalStorage
0x0000000024e42000 	/System/Library/Frameworks/OpenGL.framework/Versions/A/OpenGL
0x0000000024e42000 	/System/Library/Frameworks/CoreImage.framework/Versions/A/CoreImage
0x0000000024e42000 	/System/Library/Frameworks/CoreText.framework/Versions/A/CoreText
0x0000000024e42000 	/System/Library/Frameworks/ImageIO.framework/Versions/A/ImageIO
0x0000000024e42000 	/System/Library/PrivateFrameworks/Backup.framework/Versions/A/Backup
0x0000000024e42000 	/usr/lib/libarchive.2.dylib
0x0000000024e42000 	/System/Library/Frameworks/CFNetwork.framework/Versions/A/CFNetwork
0x0000000024e42000 	/System/Library/Frameworks/SystemConfiguration.framework/Versions/A/SystemConfiguration
0x0000000024e42000 	/usr/lib/libCRFSuite.dylib
0x0000000024e42000 	/usr/lib/libc++.1.dylib
0x0000000024e42000 	/usr/lib/libc++abi.dylib
0x0000000024e42000 	/usr/lib/system/libcache.dylib
0x0000000024e42000 	/usr/lib/system/libcommonCrypto.dylib
0x0000000024e42000 	/usr/lib/system/libcompiler_rt.dylib
0x0000000024e42000 	/usr/lib/system/libcopyfile.dylib
0x0000000024e42000 	/usr/lib/system/libcorecrypto.dylib
0x0000000024e42000 	/usr/lib/system/libdispatch.dylib
0x0000000024e42000 	/usr/lib/system/libdyld.dylib
0x0000000024e42000 	/usr/lib/system/libkeymgr.dylib
0x0000000024e42000 	/usr/lib/system/liblaunch.dylib
0x0000000024e42000 	/usr/lib/system/libmacho.dylib
0x0000000024e42000 	/usr/lib/system/libquarantine.dylib
0x0000000024e42000 	/usr/lib/system/libremovefile.dylib
0x0000000024e42000 	/usr/lib/system/libsystem_asl.dylib
0x0000000024e42000 	/usr/lib/system/libsystem_blocks.dylib
0x0000000024e42000 	/usr/lib/system/libsystem_c.dylib
0x0000000024e42000 	/usr/lib/system/libsystem_configuration.dylib
0x0000000024e42000 	/usr/lib/system/libsystem_coreservices.dylib
0x0000000024e42000 	/usr/lib/system/libsystem_coretls.dylib
0x0000000024e42000 	/usr/lib/system/libsystem_dnssd.dylib
0x0000000024e42000 	/usr/lib/system/libsystem_info.dylib
0x0000000024e42000 	/usr/lib/system/libsystem_kernel.dylib
0x0000000024e42000 	/usr/lib/system/libsystem_m.dylib
0x0000000024e42000 	/usr/lib/system/libsystem_malloc.dylib
0x0000000024e42000 	/usr/lib/system/libsystem_network.dylib
0x0000000024e42000 	/usr/lib/system/libsystem_networkextension.dylib
0x0000000024e42000 	/usr/lib/system/libsystem_notify.dylib
0x0000000024e42000 	/usr/lib/system/libsystem_platform.dylib
0x0000000024e42000 	/usr/lib/system/libsystem_pthread.dylib
0x0000000024e42000 	/usr/lib/system/libsystem_sandbox.dylib
0x0000000024e42000 	/usr/lib/system/libsystem_secinit.dylib
0x0000000024e42000 	/usr/lib/system/libsystem_symptoms.dylib
0x0000000024e42000 	/usr/lib/system/libsystem_trace.dylib
0x0000000024e42000 	/usr/lib/system/libunwind.dylib
0x0000000024e42000 	/usr/lib/system/libxpc.dylib
0x0000000024e42000 	/usr/lib/libbsm.0.dylib
0x0000000024e42000 	/usr/lib/system/libkxld.dylib
0x0000000024e42000 	/usr/lib/libcoretls.dylib
0x0000000024e42000 	/usr/lib/libcoretls_cfhelpers.dylib
0x0000000024e42000 	/usr/lib/libOpenScriptingUtil.dylib
0x0000000024e42000 	/usr/lib/libpam.2.dylib
0x0000000024e42000 	/usr/lib/libsqlite3.dylib
0x0000000024e42000 	/usr/lib/libxar.1.dylib
0x0000000024e42000 	/usr/lib/libbz2.1.0.dylib
0x0000000024e42000 	/usr/lib/liblzma.5.dylib
0x0000000024e42000 	/usr/lib/libnetwork.dylib
0x0000000024e42000 	/usr/lib/libpcap.A.dylib
0x0000000024e42000 	/System/Library/Frameworks/CoreServices.framework/Versions/A/Frameworks/FSEvents.framework/Versions/A/FSEvents
0x0000000024e42000 	/System/Library/Frameworks/CoreServices.framework/Versions/A/Frameworks/CarbonCore.framework/Versions/A/CarbonCore
0x0000000024e42000 	/System/Library/Frameworks/CoreServices.framework/Versions/A/Frameworks/Metadata.framework/Versions/A/Metadata
0x0000000024e42000 	/System/Library/Frameworks/CoreServices.framework/Versions/A/Frameworks/OSServices.framework/Versions/A/OSServices
0x0000000024e42000 	/System/Library/Frameworks/CoreServices.framework/Versions/A/Frameworks/SearchKit.framework/Versions/A/SearchKit
0x0000000024e42000 	/System/Library/Frameworks/CoreServices.framework/Versions/A/Frameworks/AE.framework/Versions/A/AE
0x0000000024e42000 	/System/Library/Frameworks/CoreServices.framework/Versions/A/Frameworks/LaunchServices.framework/Versions/A/LaunchServices
0x0000000024e42000 	/System/Library/Frameworks/CoreServices.framework/Versions/A/Frameworks/DictionaryServices.framework/Versions/A/DictionaryServices
0x0000000024e42000 	/System/Library/Frameworks/CoreServices.framework/Versions/A/Frameworks/SharedFileList.framework/Versions/A/SharedFileList
0x0000000024e42000 	/System/Library/Frameworks/NetFS.framework/Versions/A/NetFS
0x0000000024e42000 	/System/Library/PrivateFrameworks/NetAuth.framework/Versions/A/NetAuth
0x0000000024e42000 	/System/Library/PrivateFrameworks/login.framework/Versions/A/Frameworks/loginsupport.framework/Versions/A/loginsupport
0x0000000024e42000 	/System/Library/PrivateFrameworks/TCC.framework/Versions/A/TCC
0x0000000024e42000 	/usr/lib/libmecabra.dylib
0x0000000024e42000 	/System/Library/Frameworks/ApplicationServices.framework/Versions/A/Frameworks/ATS.framework/Versions/A/ATS
0x0000000024e42000 	/System/Library/Frameworks/ApplicationServices.framework/Versions/A/Frameworks/ColorSync.framework/Versions/A/ColorSync
0x0000000024e42000 	/System/Library/Frameworks/ApplicationServices.framework/Versions/A/Frameworks/HIServices.framework/Versions/A/HIServices
0x0000000024e42000 	/System/Library/Frameworks/ApplicationServices.framework/Versions/A/Frameworks/LangAnalysis.framework/Versions/A/LangAnalysis
0x0000000024e42000 	/System/Library/Frameworks/ApplicationServices.framework/Versions/A/Frameworks/PrintCore.framework/Versions/A/PrintCore
0x0000000024e42000 	/System/Library/Frameworks/ApplicationServices.framework/Versions/A/Frameworks/QD.framework/Versions/A/QD
0x0000000024e42000 	/System/Library/Frameworks/ApplicationServices.framework/Versions/A/Frameworks/SpeechSynthesis.framework/Versions/A/SpeechSynthesis
0x0000000024e42000 	/System/Library/Frameworks/Accelerate.framework/Versions/A/Frameworks/vImage.framework/Versions/A/vImage
0x0000000024e42000 	/System/Library/Frameworks/Accelerate.framework/Versions/A/Frameworks/vecLib.framework/Versions/A/vecLib
0x0000000024e42000 	/System/Library/Frameworks/Accelerate.framework/Versions/A/Frameworks/vecLib.framework/Versions/A/libvDSP.dylib
0x0000000024e42000 	/System/Library/Frameworks/Accelerate.framework/Versions/A/Frameworks/vecLib.framework/Versions/A/libBNNS.dylib
0x0000000024e42000 	/System/Library/Frameworks/Accelerate.framework/Versions/A/Frameworks/vecLib.framework/Versions/A/libQuadrature.dylib
0x0000000024e42000 	/System/Library/Frameworks/Accelerate.framework/Versions/A/Frameworks/vecLib.framework/Versions/A/libvMisc.dylib
0x0000000024e42000 	/System/Library/Frameworks/Accelerate.framework/Versions/A/Frameworks/vecLib.framework/Versions/A/libLAPACK.dylib
0x0000000024e42000 	/System/Library/Frameworks/Accelerate.framework/Versions/A/Frameworks/vecLib.framework/Versions/A/libBLAS.dylib
0x0000000024e42000 	/System/Library/Frameworks/Accelerate.framework/Versions/A/Frameworks/vecLib.framework/Versions/A/libLinearAlgebra.dylib
0x0000000024e42000 	/System/Library/Frameworks/Accelerate.framework/Versions/A/Frameworks/vecLib.framework/Versions/A/libSparseBLAS.dylib
0x0000000024e42000 	/System/Library/Frameworks/ApplicationServices.framework/Versions/A/Frameworks/ATS.framework/Versions/A/Resources/libFontParser.dylib
0x0000000024e42000 	/System/Library/Frameworks/ApplicationServices.framework/Versions/A/Frameworks/ATS.framework/Versions/A/Resources/libFontRegistry.dylib
0x0000000024e42000 	/System/Library/Frameworks/ImageIO.framework/Versions/A/Resources/libJPEG.dylib
0x0000000024e42000 	/System/Library/Frameworks/ImageIO.framework/Versions/A/Resources/libTIFF.dylib
0x0000000024e42000 	/System/Library/Frameworks/ImageIO.framework/Versions/A/Resources/libPng.dylib
0x0000000024e42000 	/System/Library/Frameworks/ImageIO.framework/Versions/A/Resources/libGIF.dylib
0x0000000024e42000 	/System/Library/Frameworks/ImageIO.framework/Versions/A/Resources/libJP2.dylib
0x0000000024e42000 	/System/Library/Frameworks/ImageIO.framework/Versions/A/Resources/libRadiance.dylib
0x0000000024e42000 	/usr/lib/libcompression.dylib
0x0000000024e42000 	/System/Library/PrivateFrameworks/AppleJPEG.framework/Versions/A/AppleJPEG
0x0000000024e42000 	/usr/lib/libcups.2.dylib
0x0000000024e42000 	/System/Library/Frameworks/Kerberos.framework/Versions/A/Kerberos
0x0000000024e42000 	/System/Library/Frameworks/GSS.framework/Versions/A/GSS
0x0000000024e42000 	/usr/lib/libresolv.9.dylib
0x0000000024e42000 	/usr/lib/libiconv.2.dylib
0x0000000024e42000 	/System/Library/PrivateFrameworks/Heimdal.framework/Versions/A/Heimdal
0x0000000024e42000 	/usr/lib/libheimdal-asn1.dylib
0x0000000024e42000 	/System/Library/Frameworks/OpenDirectory.framework/Versions/A/OpenDirectory
0x0000000024e42000 	/System/Library/PrivateFrameworks/CommonAuth.framework/Versions/A/CommonAuth
0x0000000024e42000 	/System/Library/Frameworks/OpenDirectory.framework/Versions/A/Frameworks/CFOpenDirectory.framework/Versions/A/CFOpenDirectory
0x0000000024e42000 	/System/Library/Frameworks/SecurityFoundation.framework/Versions/A/SecurityFoundation
0x0000000024e42000 	/System/Library/PrivateFrameworks/LanguageModeling.framework/Versions/A/LanguageModeling
0x0000000024e42000 	/usr/lib/libmarisa.dylib
0x0000000024e42000 	/usr/lib/libChineseTokenizer.dylib
0x0000000024e42000 	/usr/lib/libcmph.dylib
0x0000000024e42000 	/System/Library/PrivateFrameworks/CoreEmoji.framework/Versions/A/CoreEmoji
0x0000000024e42000 	/System/Library/Frameworks/ServiceManagement.framework/Versions/A/ServiceManagement
0x0000000024e42000 	/usr/lib/libxslt.1.dylib
0x0000000024e42000 	/System/Library/Frameworks/Carbon.framework/Versions/A/Frameworks/Ink.framework/Versions/A/Ink
0x0000000024e42000 	/System/Library/PrivateFrameworks/TextureIO.framework/Versions/A/TextureIO
0x0000000024e42000 	/System/Library/Frameworks/Metal.framework/Versions/A/Metal
0x0000000024e42000 	/usr/lib/libate.dylib
0x0000000024e42000 	/System/Library/PrivateFrameworks/GPUCompiler.framework/libmetal_timestamp.dylib
0x0000000024e42000 	/System/Library/Frameworks/OpenGL.framework/Versions/A/Libraries/libCoreFSCache.dylib
0x0000000024e42000 	/System/Library/PrivateFrameworks/IOAccelerator.framework/Versions/A/IOAccelerator
0x0000000024e42000 	/System/Library/Frameworks/CoreVideo.framework/Versions/A/CoreVideo
0x0000000024e42000 	/usr/lib/libFosl_dynamic.dylib
0x0000000024e42000 	/System/Library/PrivateFrameworks/MetalPerformanceShaders.framework/Versions/A/MetalPerformanceShaders
0x0000000024e42000 	/System/Library/PrivateFrameworks/FaceCore.framework/Versions/A/FaceCore
0x0000000024e42000 	/System/Library/Frameworks/OpenCL.framework/Versions/A/OpenCL
0x0000000024e42000 	/System/Library/Frameworks/OpenGL.framework/Versions/A/Libraries/libGLU.dylib
0x0000000024e42000 	/System/Library/Frameworks/OpenGL.framework/Versions/A/Libraries/libGFXShared.dylib
0x0000000024e42000 	/System/Library/Frameworks/OpenGL.framework/Versions/A/Libraries/libGL.dylib
0x0000000024e42000 	/System/Library/Frameworks/OpenGL.framework/Versions/A/Libraries/libGLImage.dylib
0x0000000024e42000 	/System/Library/Frameworks/OpenGL.framework/Versions/A/Libraries/libCVMSPluginSupport.dylib
0x0000000024e42000 	/System/Library/Frameworks/OpenGL.framework/Versions/A/Libraries/libCoreVMClient.dylib
0x0000000024e42000 	/System/Library/PrivateFrameworks/CrashReporterSupport.framework/Versions/A/CrashReporterSupport
0x0000000024e42000 	/System/Library/PrivateFrameworks/Sharing.framework/Versions/A/Sharing
0x0000000024e42000 	/System/Library/PrivateFrameworks/IconServices.framework/Versions/A/IconServices
0x0000000024e42000 	/System/Library/PrivateFrameworks/ProtocolBuffer.framework/Versions/A/ProtocolBuffer
0x0000000024e42000 	/System/Library/PrivateFrameworks/Apple80211.framework/Versions/A/Apple80211
0x0000000024e42000 	/System/Library/Frameworks/CoreWLAN.framework/Versions/A/CoreWLAN
0x0000000024e42000 	/System/Library/PrivateFrameworks/CoreUtils.framework/Versions/A/CoreUtils
0x0000000024e42000 	/System/Library/Frameworks/IOBluetooth.framework/Versions/A/IOBluetooth
0x0000000024e42000 	/System/Library/PrivateFrameworks/CoreWiFi.framework/Versions/A/CoreWiFi
0x0000000024e42000 	/System/Library/Frameworks/CoreBluetooth.framework/Versions/A/CoreBluetooth
0x0000000024e42000 	/System/Library/Frameworks/CoreDisplay.framework/Versions/A/CoreDisplay
0x0000000024e42000 	/System/Library/PrivateFrameworks/IOPresentment.framework/Versions/A/IOPresentment
0x0000000024e42000 	/System/Library/PrivateFrameworks/DSExternalDisplay.framework/Versions/A/DSExternalDisplay
0x0000000024e42000 	/System/Library/PrivateFrameworks/DebugSymbols.framework/Versions/A/DebugSymbols
0x0000000024e42000 	/System/Library/PrivateFrameworks/CoreSymbolication.framework/Versions/A/CoreSymbolication
0x0000000024e42000 	/System/Library/PrivateFrameworks/Symbolication.framework/Versions/A/Symbolication
0x0000000024e42000 	/System/Library/PrivateFrameworks/AppleFSCompression.framework/Versions/A/AppleFSCompression
0x0000000024e42000 	/System/Library/PrivateFrameworks/SpeechRecognitionCore.framework/Versions/A/SpeechRecognitionCore
0x0000000024e42000 	/System/Library/PrivateFrameworks/ChunkingLibrary.framework/Versions/A/ChunkingLibrary
0x000000010a800000 	/Library/Java/JavaVirtualMachines/jdk1.7.0_79.jdk/Contents/Home/jre/lib/server/libjvm.dylib
0x0000000024e42000 	/usr/lib/libstdc++.6.dylib
0x0000000107763000 	/Library/Java/JavaVirtualMachines/jdk1.7.0_79.jdk/Contents/Home/jre/lib/libverify.dylib
0x0000000107770000 	/Library/Java/JavaVirtualMachines/jdk1.7.0_79.jdk/Contents/Home/jre/lib/libjava.dylib
0x00000001077a1000 	/Library/Java/JavaVirtualMachines/jdk1.7.0_79.jdk/Contents/Home/jre/lib/libjdwp.dylib
0x00000001077de000 	/Library/Java/JavaVirtualMachines/jdk1.7.0_79.jdk/Contents/Home/jre/lib/libnpt.dylib
0x00000001077eb000 	/Library/Java/JavaVirtualMachines/jdk1.7.0_79.jdk/Contents/Home/jre/lib/libzip.dylib
0x0000000137bd8000 	/System/Library/Frameworks/JavaVM.framework/Frameworks/JavaRuntimeSupport.framework/JavaRuntimeSupport
0x0000000137bf2000 	/System/Library/Frameworks/JavaVM.framework/Versions/A/Frameworks/JavaNativeFoundation.framework/Versions/A/JavaNativeFoundation
0x0000000137c07000 	/System/Library/Frameworks/JavaVM.framework/Versions/A/JavaVM
0x0000000024e42000 	/System/Library/Frameworks/Carbon.framework/Versions/A/Carbon
0x0000000112708000 	/System/Library/PrivateFrameworks/JavaLaunching.framework/Versions/A/JavaLaunching
0x0000000024e42000 	/System/Library/Frameworks/Carbon.framework/Versions/A/Frameworks/CommonPanels.framework/Versions/A/CommonPanels
0x0000000024e42000 	/System/Library/Frameworks/Carbon.framework/Versions/A/Frameworks/Help.framework/Versions/A/Help
0x0000000024e42000 	/System/Library/Frameworks/Carbon.framework/Versions/A/Frameworks/ImageCapture.framework/Versions/A/ImageCapture
0x0000000024e42000 	/System/Library/Frameworks/Carbon.framework/Versions/A/Frameworks/OpenScripting.framework/Versions/A/OpenScripting
0x0000000024e42000 	/System/Library/Frameworks/Carbon.framework/Versions/A/Frameworks/Print.framework/Versions/A/Print
0x0000000024e42000 	/System/Library/Frameworks/Carbon.framework/Versions/A/Frameworks/SecurityHI.framework/Versions/A/SecurityHI
0x000000013950d000 	/Library/Java/JavaVirtualMachines/jdk1.7.0_79.jdk/Contents/Home/jre/lib/libdt_socket.dylib
0x0000000139586000 	/Library/Java/JavaVirtualMachines/jdk1.7.0_79.jdk/Contents/Home/jre/lib/libnet.dylib
0x0000000139685000 	/Library/Java/JavaVirtualMachines/jdk1.7.0_79.jdk/Contents/Home/jre/lib/libnio.dylib

VM Arguments:
jvm_args: -agentlib:jdwp=transport=dt_socket,suspend=y,address=localhost:64255 -Dfile.encoding=UTF-8 
java_command: org.eclipse.jdt.internal.junit.runner.RemoteTestRunner -version 3 -port 64254 -testLoaderClass org.eclipse.jdt.internal.junit4.runner.JUnit4TestLoader -loaderpluginname org.eclipse.jdt.junit4.runtime -classNames com.ibm.util.merge.All_Functional_Tests
Launcher Type: SUN_STANDARD

Environment Variables:
PATH=/usr/bin:/bin:/usr/sbin:/sbin
SHELL=/bin/bash
DISPLAY=/private/tmp/com.apple.launchd.8tDTJsMzjj/org.macosforge.xquartz:0

Signal Handlers:
SIGSEGV: [libjvm.dylib+0x52daf1], sa_mask[0]=0xfffefeff, sa_flags=0x00000043
SIGBUS: [libjvm.dylib+0x52daf1], sa_mask[0]=0xfffefeff, sa_flags=0x00000042
SIGFPE: [libjvm.dylib+0x41f34e], sa_mask[0]=0xfffefeff, sa_flags=0x00000042
SIGPIPE: [libjvm.dylib+0x41f34e], sa_mask[0]=0xfffefeff, sa_flags=0x00000042
SIGXFSZ: [libjvm.dylib+0x41f34e], sa_mask[0]=0xfffefeff, sa_flags=0x00000042
SIGILL: [libjvm.dylib+0x41f34e], sa_mask[0]=0xfffefeff, sa_flags=0x00000042
SIGUSR1: SIG_DFL, sa_mask[0]=0x00000000, sa_flags=0x00000000
SIGUSR2: [libjvm.dylib+0x41ee40], sa_mask[0]=0x00000004, sa_flags=0x00000042
SIGHUP: [libjvm.dylib+0x41d0d1], sa_mask[0]=0xfffefeff, sa_flags=0x00000042
SIGINT: [libjvm.dylib+0x41d0d1], sa_mask[0]=0xfffefeff, sa_flags=0x00000042
SIGTERM: [libjvm.dylib+0x41d0d1], sa_mask[0]=0xfffefeff, sa_flags=0x00000042
SIGQUIT: [libjvm.dylib+0x41d0d1], sa_mask[0]=0xfffefeff, sa_flags=0x00000042


---------------  S Y S T E M  ---------------

OS:Bsduname:Darwin 16.7.0 Darwin Kernel Version 16.7.0: Thu Jun 15 17:36:27 PDT 2017; root:xnu-3789.70.16~2/RELEASE_X86_64 x86_64
rlimit: STACK 8192k, CORE 0k, NPROC 709, NOFILE 10240, AS infinity
load average:1.86 1.73 1.64

CPU:total 24 (12 cores per cpu, 2 threads per core) family 6 model 62 stepping 4, cmov, cx8, fxsr, mmx, sse, sse2, sse3, ssse3, sse4.1, sse4.2, popcnt, avx, aes, erms, ht, tsc, tscinvbit

Memory: 4k page, physical 67108864k(16777216k free)

/proc/meminfo:


vm_info: Java HotSpot(TM) 64-Bit Server VM (24.79-b02) for bsd-amd64 JRE (1.7.0_79-b15), built on Apr 10 2015 11:35:04 by "java_re" with gcc 4.2.1 (Based on Apple Inc. build 5658) (LLVM build 2336.11.00)

time: Tue Nov  7 08:58:51 2017
elapsed time: 136 seconds

